<?xml version="1.0" encoding="UTF-8"?>
<!-- Generated by org.testng.reporters.JUnitReportReporter -->
<testsuite skipped="0" hostname="LAPTOP-BM5KJOBH" name="testCases.GoogleTest" tests="1" failures="0" timestamp="2023-03-26T12:33:07 IST" time="43.336" errors="0">
  <testcase name="googleMethod" time="43.336" classname="testCases.GoogleTest"/>
  <system-out/>
</testsuite> <!-- testCases.GoogleTest -->
