<?xml version="1.0" encoding="UTF-8"?>
<!-- Generated by org.testng.reporters.JUnitReportReporter -->
<testsuite skipped="0" hostname="LAPTOP-BM5KJOBH" name="com.qa.highlevel.testcases.LoginPageTest" tests="1" failures="0" timestamp="2023-03-27T23:25:32 IST" time="132.585" errors="0">
  <testcase name="loginTest" time="132.585" classname="com.qa.highlevel.testcases.LoginPageTest"/>
  <system-out/>
</testsuite> <!-- com.qa.highlevel.testcases.LoginPageTest -->
